[2020-12-17 20:28:04] INFO  org.springframework.boot.StartupInfoLogger 55 logStarting - Starting HowmybatisplusworksApplication on LAPTOP-8K1957VV with PID 14628 (D:\work\git\howthingswork\howmybatisplusworks\target\classes started by wozai in D:\work\git\howthingswork)
[2020-12-17 20:28:04] INFO  org.springframework.boot.SpringApplication 651 logStartupProfileInfo - No active profile set, falling back to default profiles: default
[2020-12-17 20:28:05] INFO  org.springframework.boot.web.embedded.tomcat.TomcatWebServer 108 initialize - Tomcat initialized with port(s): 8081 (http)
[2020-12-17 20:28:05] INFO  org.apache.juli.logging.DirectJDKLog 173 log - Starting service [Tomcat]
[2020-12-17 20:28:05] INFO  org.apache.juli.logging.DirectJDKLog 173 log - Starting Servlet engine: [Apache Tomcat/9.0.38]
[2020-12-17 20:28:06] INFO  org.apache.juli.logging.DirectJDKLog 173 log - Initializing Spring embedded WebApplicationContext
[2020-12-17 20:28:06] INFO  org.springframework.boot.web.servlet.context.ServletWebServerApplicationContext 285 prepareWebApplicationContext - Root WebApplicationContext: initialization completed in 1051 ms
[2020-12-17 20:28:07] INFO  org.springframework.scheduling.concurrent.ExecutorConfigurationSupport 181 initialize - Initializing ExecutorService 'applicationTaskExecutor'
[2020-12-17 20:28:07] INFO  org.springframework.boot.web.embedded.tomcat.TomcatWebServer 220 start - Tomcat started on port(s): 8081 (http) with context path ''
[2020-12-17 20:28:07] INFO  org.springframework.boot.StartupInfoLogger 61 logStarted - Started HowmybatisplusworksApplication in 3.222 seconds (JVM running for 4.416)
[2020-12-17 20:28:42] INFO  org.apache.juli.logging.DirectJDKLog 173 log - Initializing Spring DispatcherServlet 'dispatcherServlet'
[2020-12-17 20:28:42] INFO  org.springframework.web.servlet.FrameworkServlet 525 initServletBean - Initializing Servlet 'dispatcherServlet'
[2020-12-17 20:28:42] INFO  org.springframework.web.servlet.FrameworkServlet 547 initServletBean - Completed initialization in 4 ms
[2020-12-17 20:28:42] INFO  com.alibaba.druid.pool.DruidDataSource 983 init - {dataSource-1} inited
[2020-12-17 20:29:55] INFO  org.springframework.boot.StartupInfoLogger 55 logStarting - Starting HowmybatisplusworksApplication on LAPTOP-8K1957VV with PID 23400 (D:\work\git\howthingswork\howmybatisplusworks\target\classes started by wozai in D:\work\git\howthingswork)
[2020-12-17 20:29:55] INFO  org.springframework.boot.SpringApplication 651 logStartupProfileInfo - No active profile set, falling back to default profiles: default
[2020-12-17 20:29:56] INFO  org.springframework.boot.web.embedded.tomcat.TomcatWebServer 108 initialize - Tomcat initialized with port(s): 8081 (http)
[2020-12-17 20:29:56] INFO  org.apache.juli.logging.DirectJDKLog 173 log - Starting service [Tomcat]
[2020-12-17 20:29:56] INFO  org.apache.juli.logging.DirectJDKLog 173 log - Starting Servlet engine: [Apache Tomcat/9.0.38]
[2020-12-17 20:29:56] INFO  org.apache.juli.logging.DirectJDKLog 173 log - Initializing Spring embedded WebApplicationContext
[2020-12-17 20:29:56] INFO  org.springframework.boot.web.servlet.context.ServletWebServerApplicationContext 285 prepareWebApplicationContext - Root WebApplicationContext: initialization completed in 1161 ms
[2020-12-17 20:29:58] INFO  org.springframework.scheduling.concurrent.ExecutorConfigurationSupport 181 initialize - Initializing ExecutorService 'applicationTaskExecutor'
[2020-12-17 20:29:58] INFO  org.springframework.boot.web.embedded.tomcat.TomcatWebServer 220 start - Tomcat started on port(s): 8081 (http) with context path ''
[2020-12-17 20:29:58] INFO  org.springframework.boot.StartupInfoLogger 61 logStarted - Started HowmybatisplusworksApplication in 3.515 seconds (JVM running for 4.951)
[2020-12-17 20:30:11] INFO  org.apache.juli.logging.DirectJDKLog 173 log - Initializing Spring DispatcherServlet 'dispatcherServlet'
[2020-12-17 20:30:11] INFO  org.springframework.web.servlet.FrameworkServlet 525 initServletBean - Initializing Servlet 'dispatcherServlet'
[2020-12-17 20:30:11] INFO  org.springframework.web.servlet.FrameworkServlet 547 initServletBean - Completed initialization in 8 ms
[2020-12-17 20:31:42] INFO  org.springframework.boot.StartupInfoLogger 55 logStarting - Starting HowmybatisplusworksApplication on LAPTOP-8K1957VV with PID 26096 (D:\work\git\howthingswork\howmybatisplusworks\target\classes started by wozai in D:\work\git\howthingswork)
[2020-12-17 20:31:42] INFO  org.springframework.boot.SpringApplication 651 logStartupProfileInfo - No active profile set, falling back to default profiles: default
[2020-12-17 20:31:43] INFO  org.springframework.boot.web.embedded.tomcat.TomcatWebServer 108 initialize - Tomcat initialized with port(s): 8081 (http)
[2020-12-17 20:31:43] INFO  org.apache.juli.logging.DirectJDKLog 173 log - Starting service [Tomcat]
[2020-12-17 20:31:43] INFO  org.apache.juli.logging.DirectJDKLog 173 log - Starting Servlet engine: [Apache Tomcat/9.0.38]
[2020-12-17 20:31:43] INFO  org.apache.juli.logging.DirectJDKLog 173 log - Initializing Spring embedded WebApplicationContext
[2020-12-17 20:31:43] INFO  org.springframework.boot.web.servlet.context.ServletWebServerApplicationContext 285 prepareWebApplicationContext - Root WebApplicationContext: initialization completed in 1186 ms
[2020-12-17 20:31:44] INFO  org.springframework.scheduling.concurrent.ExecutorConfigurationSupport 181 initialize - Initializing ExecutorService 'applicationTaskExecutor'
[2020-12-17 20:31:45] INFO  org.springframework.boot.web.embedded.tomcat.TomcatWebServer 220 start - Tomcat started on port(s): 8081 (http) with context path ''
[2020-12-17 20:31:45] INFO  org.springframework.boot.StartupInfoLogger 61 logStarted - Started HowmybatisplusworksApplication in 3.487 seconds (JVM running for 4.853)
[2020-12-17 20:31:49] INFO  org.apache.juli.logging.DirectJDKLog 173 log - Initializing Spring DispatcherServlet 'dispatcherServlet'
[2020-12-17 20:31:49] INFO  org.springframework.web.servlet.FrameworkServlet 525 initServletBean - Initializing Servlet 'dispatcherServlet'
[2020-12-17 20:31:49] INFO  org.springframework.web.servlet.FrameworkServlet 547 initServletBean - Completed initialization in 6 ms
[2020-12-17 20:32:42] INFO  com.alibaba.druid.pool.DruidDataSource 983 init - {dataSource-1} inited
